<?xml version="1.0" encoding="UTF-8"?>
<testng-results ignored="0" total="1" passed="1" failed="0" skipped="0">
  <reporter-output>
    <line>
      <![CDATA[openBrowser]]>
    </line>
    <line>
      <![CDATA[login]]>
    </line>
    <line>
      <![CDATA[createCustomer]]>
    </line>
    <line>
      <![CDATA[logout]]>
    </line>
    <line>
      <![CDATA[closeBrowser]]>
    </line>
  </reporter-output>
  <suite started-at="2023-07-23T13:23:31 IST" name="Default suite" finished-at="2023-07-23T13:25:06 IST" duration-ms="95927">
    <groups>
    </groups>
    <test started-at="2023-07-23T13:23:31 IST" name="Default test" finished-at="2023-07-23T13:25:06 IST" duration-ms="95927">
      <class name="com.actitime.testscript.CustomerModule">
        <test-method is-config="true" signature="openBrowser()[pri:0, instance:com.actitime.testscript.CustomerModule@1fa121e2]" started-at="2023-07-23T13:23:31 IST" name="openBrowser" finished-at="2023-07-23T13:23:45 IST" duration-ms="14631" status="PASS">
          <reporter-output>
            <line>
              <![CDATA[openBrowser]]>
            </line>
          </reporter-output>
        </test-method> <!-- openBrowser -->
        <test-method is-config="true" signature="login()[pri:0, instance:com.actitime.testscript.CustomerModule@1fa121e2]" started-at="2023-07-23T13:23:45 IST" name="login" finished-at="2023-07-23T13:24:19 IST" duration-ms="33243" status="PASS">
          <reporter-output>
            <line>
              <![CDATA[login]]>
            </line>
          </reporter-output>
        </test-method> <!-- login -->
        <test-method signature="testCreateCustomer()[pri:0, instance:com.actitime.testscript.CustomerModule@1fa121e2]" started-at="2023-07-23T13:24:19 IST" name="testCreateCustomer" finished-at="2023-07-23T13:25:01 IST" duration-ms="42140" status="PASS">
          <reporter-output>
            <line>
              <![CDATA[createCustomer]]>
            </line>
          </reporter-output>
        </test-method> <!-- testCreateCustomer -->
        <test-method is-config="true" signature="logOut()[pri:0, instance:com.actitime.testscript.CustomerModule@1fa121e2]" started-at="2023-07-23T13:25:01 IST" name="logOut" finished-at="2023-07-23T13:25:03 IST" duration-ms="2478" status="PASS">
          <reporter-output>
            <line>
              <![CDATA[logout]]>
            </line>
          </reporter-output>
        </test-method> <!-- logOut -->
        <test-method is-config="true" signature="closeBrowser()[pri:0, instance:com.actitime.testscript.CustomerModule@1fa121e2]" started-at="2023-07-23T13:25:03 IST" name="closeBrowser" finished-at="2023-07-23T13:25:06 IST" duration-ms="3288" status="PASS">
          <reporter-output>
            <line>
              <![CDATA[closeBrowser]]>
            </line>
          </reporter-output>
        </test-method> <!-- closeBrowser -->
      </class> <!-- com.actitime.testscript.CustomerModule -->
    </test> <!-- Default test -->
  </suite> <!-- Default suite -->
</testng-results>
